
SQL*Loader: Release 10.2.0.1.0 - Production on Thu Mar 5 22:12:21 2009

Copyright (c) 1982, 2005, Oracle.  All rights reserved.

Control File:   loader.ctl
Data File:      CATEGORY.csv
  Bad File:     CATEGORY.bad
  Discard File:  none specified
 
 (Allow all discards)

Number to load: ALL
Number to skip: 0
Errors allowed: 50
Bind array:     64 rows, maximum of 256000 bytes
Continuation:    none specified
Path used:      Conventional

Table CATEGORY, loaded from every logical record.
Insert option in effect for this table: INSERT

   Column Name                  Position   Len  Term Encl Datatype
------------------------------ ---------- ----- ---- ---- ---------------------
CODE                                FIRST     *   ,  O(") CHARACTER            
DESCRIPTION                          NEXT     *   ,  O(") CHARACTER            
PARENTCODE                           NEXT     *   ,  O(") CHARACTER            


Table CATEGORY:
  51 Rows successfully loaded.
  0 Rows not loaded due to data errors.
  0 Rows not loaded because all WHEN clauses were failed.
  0 Rows not loaded because all fields were null.


Space allocated for bind array:                  49536 bytes(64 rows)
Read   buffer bytes: 1048576

Total logical records skipped:          0
Total logical records read:            51
Total logical records rejected:         0
Total logical records discarded:        0

Run began on Thu Mar 05 22:12:21 2009
Run ended on Thu Mar 05 22:12:22 2009

Elapsed time was:     00:00:00.68
CPU time was:         00:00:00.04
